Determining if the pthread_create exist failed with the following output:
Change Dir: /home/ww/smart/opencv_SGM_with_bar/build/CMakeFiles/CMakeTmp

Run Build Command:"/usr/bin/ninja" "cmTC_198ea"
[1/2] Building C object CMakeFiles/cmTC_198ea.dir/CheckSymbolExists.c.o
[2/2] Linking C executable cmTC_198ea
FAILED: cmTC_198ea 
: && /usr/bin/x86_64-linux-gnu-gcc-7   -rdynamic CMakeFiles/cmTC_198ea.dir/CheckSymbolExists.c.o  -o cmTC_198ea   && :
CMakeFiles/cmTC_198ea.dir/CheckSymbolExists.c.o：在函数‘main’中：
CheckSymbolExists.c:(.text+0x1b)：对‘pthread_create’未定义的引用
collect2: error: ld returned 1 exit status
ninja: build stopped: subcommand failed.

File /home/ww/smart/opencv_SGM_with_bar/build/CMakeFiles/CMakeTmp/CheckSymbolExists.c:
/* */
#include <pthread.h>

int main(int argc, char** argv)
{
  (void)argv;
#ifndef pthread_create
  return ((int*)(&pthread_create))[argc];
#else
  (void)argc;
  return 0;
#endif
}

Determining if the function pthread_create exists in the pthreads failed with the following output:
Change Dir: /home/ww/smart/opencv_SGM_with_bar/build/CMakeFiles/CMakeTmp

Run Build Command:"/usr/bin/ninja" "cmTC_11319"
[1/2] Building C object CMakeFiles/cmTC_11319.dir/CheckFunctionExists.c.o
[2/2] Linking C executable cmTC_11319
FAILED: cmTC_11319 
: && /usr/bin/x86_64-linux-gnu-gcc-7 -DCHECK_FUNCTION_EXISTS=pthread_create  -rdynamic CMakeFiles/cmTC_11319.dir/CheckFunctionExists.c.o  -o cmTC_11319  -lpthreads && :
/usr/bin/ld: 找不到 -lpthreads
collect2: error: ld returned 1 exit status
ninja: build stopped: subcommand failed.


